## Build pkg in pkgs/freepto-passwords-changer
dpkg-buildpackage: source package freepto-passwords-changer
dpkg-buildpackage: source version 1.1
dpkg-buildpackage: source distribution unstable
dpkg-buildpackage: source changed by paskao <paskao@hacari.org>
 dpkg-source --before-build equivs.RknoV2
dpkg-buildpackage: host architecture amd64
 fakeroot debian/rules clean
dh_testdir
dh_clean
 dpkg-source -b equivs.RknoV2
dpkg-source: warning: source directory 'equivs.RknoV2' is not <sourcepackage>-<upstreamversion> 'freepto-passwords-changer-1.1'
dpkg-source: info: using source format `1.0'
dpkg-source: info: building freepto-passwords-changer in freepto-passwords-changer_1.1.tar.gz
dpkg-source: info: building freepto-passwords-changer in freepto-passwords-changer_1.1.dsc
 debian/rules build
make: Nothing to be done for 'build'.
 fakeroot debian/rules binary
dh_testdir
dh_testroot
dh_prep
dh_testdir
dh_testroot
dh_install
dh_installdocs
dh_installchangelogs
dh_compress
dh_fixperms
dh_installdeb
dh_gencontrol
dh_md5sums
dh_builddeb
dpkg-deb: building package `freepto-passwords-changer' in `../freepto-passwords-changer_1.1_all.deb'.
 dpkg-genchanges  >../freepto-passwords-changer_1.1_amd64.changes
dpkg-genchanges: including full source code in upload
 dpkg-source --after-build equivs.RknoV2
 signfile freepto-passwords-changer_1.1.dsc
dpkg-buildpackage: full upload; Debian-native package (full source is included)
gpg: skipped "paskao <paskao@hacari.org>": No secret key
gpg: dpkg-sign.9VcBZuy2/freepto-passwords-changer_1.1.dsc: clearsign failed: No secret key
dpkg-buildpackage: error: failed to sign .dsc and .changes file

Error in the build process: exit status 25
## Build pkg in pkgs/freepto-docs
virtualenv not found
./make_deb: line 11: virtualenv: command not found
## Build pkg in pkgs/freepto-usb-utils
...... done.
...... done.
dh_testdir
dh_testroot
dh_prep
dh_testdir
dh_testroot
dh_install
dh_installdocs
dh_installchangelogs
dh_compress
dh_fixperms
dh_installdeb
dh_gencontrol
dh_md5sums
dh_builddeb
dpkg-deb: building package `freepto-usb-utils' in `../freepto-usb-utils_1.0_all.deb'.

The package has been created.
Attention, the package has been created in the current directory,
not in ".." as indicated by the message above!
## Build pkg in pkgs/certificates
dh_testdir
dh_testroot
dh_prep
dh_testdir
dh_testroot
dh_install
dh_installdocs
dh_installchangelogs
dh_compress
dh_fixperms
dh_installdeb
dh_gencontrol
dh_md5sums
dh_builddeb
dpkg-deb: building package `freepto-certificates' in `../freepto-certificates_0.1_all.deb'.

The package has been created.
Attention, the package has been created in the current directory,
not in ".." as indicated by the message above!
## Build pkg in pkgs/synclient-tools
dpkg-buildpackage: source package synclient-tools
dpkg-buildpackage: source version 0.2-1
dpkg-buildpackage: source distribution unstable
dpkg-buildpackage: source changed by paskao <paskao@hacari.org>
 dpkg-source --before-build equivs.aM5LaF
dpkg-buildpackage: host architecture amd64
 fakeroot debian/rules clean
dh_testdir
dh_clean
 dpkg-source -b equivs.aM5LaF
dpkg-source: warning: source directory 'equivs.aM5LaF' is not <sourcepackage>-<upstreamversion> 'synclient-tools-0.2'
dpkg-source: info: using source format `1.0'
dpkg-source: info: building synclient-tools in synclient-tools_0.2-1.tar.gz
dpkg-source: info: building synclient-tools in synclient-tools_0.2-1.dsc
 debian/rules build
make: Nothing to be done for 'build'.
 fakeroot debian/rules binary
dh_testdir
dh_testroot
dh_prep
dh_testdir
dh_testroot
dh_install
dh_installdocs
dh_installchangelogs
dh_compress
dh_fixperms
dh_installdeb
dh_gencontrol
dh_md5sums
dh_builddeb
dpkg-deb: building package `synclient-tools' in `../synclient-tools_0.2-1_all.deb'.
 dpkg-genchanges  >../synclient-tools_0.2-1_amd64.changes
dpkg-genchanges: including full source code in upload
 dpkg-source --after-build equivs.aM5LaF
 signfile synclient-tools_0.2-1.dsc
dpkg-buildpackage: full upload; Debian-native package (full source is included)
gpg: skipped "paskao <paskao@hacari.org>": No secret key
gpg: dpkg-sign.IernEo9C/synclient-tools_0.2-1.dsc: clearsign failed: No secret key
dpkg-buildpackage: error: failed to sign .dsc and .changes file

Error in the build process: exit status 25
## Build pkg in pkgs/freepto-graphics
debuild: unknown dpkg-buildpackage/debuild option: -F
 dpkg-buildpackage -rfakeroot -D -us -uc -i -F
dpkg-buildpackage: source package freepto-graphics
dpkg-buildpackage: source version 1:1.0.0
dpkg-buildpackage: source distribution unstable
dpkg-buildpackage: source changed by boyska <piuttosto@logorroici.org>
 dpkg-source -i --before-build freepto-graphics
dpkg-buildpackage: host architecture amd64
dpkg-source: warning: unknown information field 'Depends' in input data in general section of control info file
dpkg-checkbuilddeps: Unmet build dependencies: faketime
dpkg-buildpackage: warning: build dependencies/conflicts unsatisfied; aborting
dpkg-buildpackage: warning: (Use -d flag to override.)
debuild: fatal error at line 1376:
dpkg-buildpackage -rfakeroot -D -us -uc -i -F failed
## Build pkg in pkgs/tortp_stem
running sdist
running check
warning: check: missing required meta-data: url

warning: check: missing meta-data: either (author and author_email) or (maintainer and maintainer_email) must be supplied

warning: sdist: manifest template 'MANIFEST.in' does not exist (using default file list)

warning: sdist: standard file not found: should have one of README, README.txt

writing manifest file 'MANIFEST'
creating tortp-0.4
making hard links in tortp-0.4...
hard linking setup.py -> tortp-0.4
hard linking tortp.py -> tortp-0.4
Creating tar archive
removing 'tortp-0.4' (and everything under it)
-=-=-=-=-=-=-=-=-=-=-=-=-=-=-=-=-=-=-=-=-=-=-=-=-=-=-=-=-=-=-=-=-=-=-=-
running the following command in directory: deb_dist/tmp_py2dsc/tortp-0.4
/usr/bin/python setup.py --command-packages stdeb.command sdist_dsc --dist-dir=/home/dyngar-m/Projects/freepto-lb/pkgs/tortp_stem/dist/deb_dist --use-premade-distfile=/home/dyngar-m/Projects/freepto-lb/pkgs/tortp_stem/dist/tortp-0.4.tar.gz --maintainer=freepto <deb@freepto.mx>
-=-=-=-=-=-=-=-=-=-=-=-=-=-=-=-=-=-=-=-=-=-=-=-=-=-=-=-=-=-=-=-=-=-=-=-
running sdist_dsc
CALLING dpkg-source -b tortp-0.4 tortp_0.4.orig.tar.gz (in dir /home/dyngar-m/Projects/freepto-lb/pkgs/tortp_stem/dist/deb_dist)
dpkg-source: info: using source format `3.0 (quilt)'
dpkg-source: info: building tortp using existing ./tortp_0.4.orig.tar.gz
dpkg-source: info: building tortp in tortp_0.4-1.debian.tar.xz
dpkg-source: info: building tortp in tortp_0.4-1.dsc
dpkg-buildpackage: source package tortp
dpkg-buildpackage: source version 0.4-1
dpkg-buildpackage: source distribution unstable
dpkg-buildpackage: source changed by freepto <deb@freepto.mx>
 dpkg-source --before-build tortp-0.4
 fakeroot debian/rules clean
dh clean --with python2 --buildsystem=pybuild
   dh_testdir -O--buildsystem=pybuild
   dh_auto_clean -O--buildsystem=pybuild
I: pybuild base:170: python2.7 setup.py clean 
running clean
removing '/home/dyngar-m/Projects/freepto-lb/pkgs/tortp_stem/dist/deb_dist/tortp-0.4/.pybuild/pythonX.Y_2.7/build' (and everything under it)
'build/bdist.linux-x86_64' does not exist -- can't clean it
'build/scripts-2.7' does not exist -- can't clean it
   dh_clean -O--buildsystem=pybuild
 dpkg-source -b tortp-0.4
dpkg-source: info: using source format `3.0 (quilt)'
dpkg-source: info: building tortp using existing ./tortp_0.4.orig.tar.gz
dpkg-source: info: building tortp in tortp_0.4-1.debian.tar.xz
dpkg-source: info: building tortp in tortp_0.4-1.dsc
 dpkg-genchanges -S -sa >../tortp_0.4-1_source.changes
dpkg-genchanges: including full source code in upload
 dpkg-source --after-build tortp-0.4
dpkg-buildpackage: full upload (original source is included)
dpkg-source: warning: extracting unsigned source package (tortp_0.4-1.dsc)
dpkg-source: info: extracting tortp in tortp-0.4
dpkg-source: info: unpacking tortp_0.4.orig.tar.gz
dpkg-source: info: unpacking tortp_0.4-1.debian.tar.xz
 dpkg-buildpackage -rfakeroot -D -us -uc
dpkg-buildpackage: source package tortp
dpkg-buildpackage: source version 0.4-1
dpkg-buildpackage: source distribution unstable
dpkg-buildpackage: source changed by freepto <deb@freepto.mx>
 dpkg-source --before-build tortp-0.4
dpkg-buildpackage: host architecture amd64
 fakeroot debian/rules clean
dh clean --with python2 --buildsystem=pybuild
   dh_testdir -O--buildsystem=pybuild
   dh_auto_clean -O--buildsystem=pybuild
I: pybuild base:170: python2.7 setup.py clean 
running clean
removing '/home/dyngar-m/Projects/freepto-lb/pkgs/tortp_stem/dist/deb_dist/tortp-0.4/.pybuild/pythonX.Y_2.7/build' (and everything under it)
'build/bdist.linux-x86_64' does not exist -- can't clean it
'build/scripts-2.7' does not exist -- can't clean it
   dh_clean -O--buildsystem=pybuild
 dpkg-source -b tortp-0.4
dpkg-source: info: using source format `3.0 (quilt)'
dpkg-source: info: building tortp using existing ./tortp_0.4.orig.tar.gz
dpkg-source: info: building tortp in tortp_0.4-1.debian.tar.xz
dpkg-source: info: building tortp in tortp_0.4-1.dsc
 debian/rules build
dh build --with python2 --buildsystem=pybuild
   dh_testdir -O--buildsystem=pybuild
   dh_auto_configure -O--buildsystem=pybuild
I: pybuild base:170: python2.7 setup.py config 
running config
   dh_auto_build -O--buildsystem=pybuild
I: pybuild base:170: /usr/bin/python setup.py build 
running build
running build_py
copying tortp.py -> /home/dyngar-m/Projects/freepto-lb/pkgs/tortp_stem/dist/deb_dist/tortp-0.4/.pybuild/pythonX.Y_2.7/build
   dh_auto_test -O--buildsystem=pybuild
I: pybuild base:170: cd /home/dyngar-m/Projects/freepto-lb/pkgs/tortp_stem/dist/deb_dist/tortp-0.4/.pybuild/pythonX.Y_2.7/build; python2.7 -m unittest discover -v 

----------------------------------------------------------------------
Ran 0 tests in 0.000s

OK
 fakeroot debian/rules binary
dh binary --with python2 --buildsystem=pybuild
   dh_testroot -O--buildsystem=pybuild
   dh_prep -O--buildsystem=pybuild
   dh_auto_install -O--buildsystem=pybuild
I: pybuild base:170: /usr/bin/python setup.py install --root /home/dyngar-m/Projects/freepto-lb/pkgs/tortp_stem/dist/deb_dist/tortp-0.4/debian/python-tortp 
running install
running build
running build_py
running install_lib
creating /home/dyngar-m/Projects/freepto-lb/pkgs/tortp_stem/dist/deb_dist/tortp-0.4/debian/python-tortp/usr
creating /home/dyngar-m/Projects/freepto-lb/pkgs/tortp_stem/dist/deb_dist/tortp-0.4/debian/python-tortp/usr/lib
creating /home/dyngar-m/Projects/freepto-lb/pkgs/tortp_stem/dist/deb_dist/tortp-0.4/debian/python-tortp/usr/lib/python2.7
creating /home/dyngar-m/Projects/freepto-lb/pkgs/tortp_stem/dist/deb_dist/tortp-0.4/debian/python-tortp/usr/lib/python2.7/dist-packages
copying /home/dyngar-m/Projects/freepto-lb/pkgs/tortp_stem/dist/deb_dist/tortp-0.4/.pybuild/pythonX.Y_2.7/build/tortp.py -> /home/dyngar-m/Projects/freepto-lb/pkgs/tortp_stem/dist/deb_dist/tortp-0.4/debian/python-tortp/usr/lib/python2.7/dist-packages
byte-compiling /home/dyngar-m/Projects/freepto-lb/pkgs/tortp_stem/dist/deb_dist/tortp-0.4/debian/python-tortp/usr/lib/python2.7/dist-packages/tortp.py to tortp.pyc
running install_egg_info
Writing /home/dyngar-m/Projects/freepto-lb/pkgs/tortp_stem/dist/deb_dist/tortp-0.4/debian/python-tortp/usr/lib/python2.7/dist-packages/tortp-0.4.egg-info
   dh_installdocs -O--buildsystem=pybuild
   dh_installchangelogs -O--buildsystem=pybuild
   dh_python2 -O--buildsystem=pybuild
W: dh_python2:479: Please add dh-python package to Build-Depends
   dh_perl -O--buildsystem=pybuild
   dh_link -O--buildsystem=pybuild
   dh_compress -O--buildsystem=pybuild
   dh_fixperms -O--buildsystem=pybuild
   dh_installdeb -O--buildsystem=pybuild
   dh_gencontrol -O--buildsystem=pybuild
dpkg-gencontrol: warning: package python-tortp: unused substitution variable ${python:Provides}
dpkg-gencontrol: warning: package python-tortp: unused substitution variable ${python:Versions}
   dh_md5sums -O--buildsystem=pybuild
   dh_builddeb -O--buildsystem=pybuild
dpkg-deb: building package `python-tortp' in `../python-tortp_0.4-1_all.deb'.
 dpkg-genchanges  >../tortp_0.4-1_amd64.changes
dpkg-genchanges: including full source code in upload
 dpkg-source --after-build tortp-0.4
dpkg-buildpackage: full upload (original source is included)
Now running lintian...
W: tortp source: no-debian-copyright
W: tortp source: ancient-standards-version 3.9.1 (current is 3.9.6)
W: python-tortp: new-package-should-close-itp-bug
E: python-tortp: no-copyright-file
E: python-tortp: description-too-short UNKNOWN
E: python-tortp: extended-description-is-empty
Finished running lintian.
Now signing changes and any dsc files...
 signfile tortp_0.4-1.dsc freepto <deb@freepto.mx>
gpg: skipped "freepto <deb@freepto.mx>": secret key not available
gpg: /tmp/debsign.X28xcFhI/tortp_0.4-1.dsc: clearsign failed: secret key not available
debsign: gpg error occurred!  Aborting....
debuild: fatal error at line 1295:
running debsign failed
dh_testdir
dh_testroot
dh_prep
dh_testdir
dh_testroot
dh_install
dh_installdocs
dh_installchangelogs
dh_compress
dh_fixperms
dh_installdeb
dh_gencontrol
dh_md5sums
dh_builddeb
dpkg-deb: building package `tortp' in `../tortp_0.4-1_all.deb'.

The package has been created.
Attention, the package has been created in the current directory,
not in ".." as indicated by the message above!
dh_testdir
dh_testroot
dh_prep
dh_testdir
dh_testroot
dh_install
dh_installdocs
dh_installchangelogs
dh_compress
dh_fixperms
dh_installdeb
dh_gencontrol
dh_md5sums
dh_builddeb
dpkg-deb: building package `tortp-gtk' in `../tortp-gtk_0.4-1_all.deb'.

The package has been created.
Attention, the package has been created in the current directory,
not in ".." as indicated by the message above!
## Build pkg in pkgs/tomb
debuild: unknown dpkg-buildpackage/debuild option: -F
 dpkg-buildpackage -rfakeroot -D -us -uc -i -F
dpkg-buildpackage: source package tomb
dpkg-buildpackage: source version 1.5.3
dpkg-buildpackage: source distribution unstable
dpkg-buildpackage: source changed by boyska <piuttosto@logorroici.org>, paskao <paskao@hacari.org>, vinc3nt <vinc3nt@riseup.net>
 dpkg-source -i --before-build tomb
dpkg-buildpackage: host architecture amd64
 fakeroot debian/rules clean
dh_testdir
dh_clean
 dpkg-source -i -b tomb
dpkg-source: warning: source directory 'tomb' is not <sourcepackage>-<upstreamversion> 'tomb-1.5.3'
dpkg-source: info: using source format `1.0'
dpkg-source: info: building tomb in tomb_1.5.3.tar.gz
dpkg-source: info: building tomb in tomb_1.5.3.dsc
 debian/rules build
make: Nothing to be done for 'build'.
 fakeroot debian/rules binary
dh_testdir
dh_testroot
dh_prep
dh_testdir
dh_testroot
dh_install
dh_installdocs
dh_installchangelogs
dh_compress
dh_fixperms
dh_installdeb
dh_gencontrol
dh_md5sums
dh_builddeb
dpkg-deb: building package `tomb' in `../tomb_1.5.3_all.deb'.
 dpkg-genchanges  >../tomb_1.5.3_amd64.changes
dpkg-genchanges: including full source code in upload
 dpkg-source -i --after-build tomb
dpkg-buildpackage: full upload; Debian-native package (full source is included)
Now running lintian...
E: tomb changes: changed-by-address-malformed boyska <piuttosto@logorroici.org>, paskao <paskao@hacari.org>, vinc3nt <vinc3nt@riseup.net>
W: tomb source: diff-contains-git-control-dir .git
W: tomb source: debhelper-but-no-misc-depends tomb
E: tomb source: maintainer-address-malformed boyska <piuttosto@logorroici.org>, paskao <paskao@hacari.org>, vinc3nt <vinc3nt@riseup.net>
W: tomb source: ancient-standards-version 3.9.2 (current is 3.9.6)
W: tomb: description-synopsis-starts-with-article
E: tomb: maintainer-address-malformed boyska <piuttosto@logorroici.org>, paskao <paskao@hacari.org>, vinc3nt <vinc3nt@riseup.net>
Finished running lintian.
Now signing changes and any dsc files...
 signfile tomb_1.5.3.dsc boyska <piuttosto@logorroici.org>, paskao <paskao@hacari.org>, vinc3nt <vinc3nt@riseup.net>
gpg: skipped "boyska <piuttosto@logorroici.org>, paskao <paskao@hacari.org>, vinc3nt <vinc3nt@riseup.net>": secret key not available
gpg: /tmp/debsign.unCq9DF3/tomb_1.5.3.dsc: clearsign failed: secret key not available
debsign: gpg error occurred!  Aborting....
debuild: fatal error at line 1295:
running debsign failed
